<?xml version="1.0" encoding="UTF-8"?>
<testsuite name="com.invitae.ApplicationTest" tests="1" skipped="0" failures="0" errors="0" timestamp="2020-04-01T06:54:27" hostname="mfalcioni-LVDQ" time="0.695">
  <properties/>
  <testcase name="testRoot" classname="com.invitae.ApplicationTest" time="0.695"/>
  <system-out><![CDATA[2020-03-31 23:54:27.374 [Test worker] INFO  ktor.test - No ktor.deployment.watch patterns specified, automatic reload is not active
2020-03-31 23:54:27.627 [Test worker] INFO  org.eclipse.jetty.util.log - Logging initialized @1227ms to org.eclipse.jetty.util.log.Slf4jLog
]]></system-out>
  <system-err><![CDATA[]]></system-err>
</testsuite>
